2024-06-05 23:26:32,127.smoker_listening_worker.INFO ==================================================
2024-06-05 23:26:32,128.smoker_listening_worker.INFO Today is 2024-06-05 at 11:26 PM
2024-06-05 23:26:32,130.smoker_listening_worker.INFO Running on: nt Windows 10
2024-06-05 23:26:32,131.smoker_listening_worker.INFO Python version:  3.12.3
2024-06-05 23:26:32,132.smoker_listening_worker.INFO Python path: C:\Users\Tower\anaconda3\envs\RabbitEnv
2024-06-05 23:26:32,133.smoker_listening_worker.INFO Working dir: C:\Users\Tower\Documents\ACoffinCSIS44671\-streaming-05-smart-smoker
2024-06-05 23:26:32,133.smoker_listening_worker.INFO ==================================================
2024-06-05 23:26:32,195.smoker_listening_worker.INFO  [*] Ready for work. To exit press CTRL+C
2024-06-05 23:26:34,887.smoker_listening_worker.INFO [x] Received: 01-smoker Reading = 05/22/21 12:21:15; Smoker is temp: 87.6 deg F.
2024-06-05 23:26:39,944.smoker_listening_worker.INFO [x] Received: 01-smoker Reading = 05/22/21 12:22:10; Smoker is temp: 86.3 deg F.
2024-06-05 23:26:45,038.smoker_listening_worker.INFO [x] Received: 01-smoker Reading = 05/22/21 12:22:15; Smoker is temp: 86.3 deg F.
2024-06-05 23:26:50,121.smoker_listening_worker.INFO [x] Received: 01-smoker Reading = 05/22/21 12:23:10; Smoker is temp: 92.0 deg F.
2024-06-05 23:26:55,223.smoker_listening_worker.INFO [x] Received: 01-smoker Reading = 05/22/21 12:23:15; Smoker is temp: 92.0 deg F.
2024-06-05 23:27:00,274.smoker_listening_worker.INFO [x] Received: 01-smoker Reading = 05/22/21 12:24:10; Smoker is temp: 96.8 deg F.
2024-06-05 23:27:05,363.smoker_listening_worker.INFO [x] Received: 01-smoker Reading = 05/22/21 12:24:15; Smoker is temp: 96.8 deg F.
2024-06-05 23:27:10,501.smoker_listening_worker.INFO [x] Received: 01-smoker Reading = 05/22/21 12:25:10; Smoker is temp: 100.6 deg F.
2024-06-05 23:27:15,666.smoker_listening_worker.INFO [x] Received: 01-smoker Reading = 05/22/21 12:25:15; Smoker is temp: 100.9 deg F.
2024-06-05 23:27:20,770.smoker_listening_worker.INFO [x] Received: 01-smoker Reading = 05/22/21 12:25:20; Smoker is temp: 100.9 deg F.
2024-06-05 23:27:25,846.smoker_listening_worker.INFO [x] Received: 01-smoker Reading = 05/22/21 12:26:10; Smoker is temp: 104.8 deg F.
2024-06-05 23:27:30,930.smoker_listening_worker.INFO [x] Received: 01-smoker Reading = 05/22/21 12:26:15; Smoker is temp: 104.8 deg F.
2024-06-05 23:27:35,988.smoker_listening_worker.INFO [x] Received: 01-smoker Reading = 05/22/21 12:27:10; Smoker is temp: 108.2 deg F.
2024-06-05 23:27:41,065.smoker_listening_worker.INFO [x] Received: 01-smoker Reading = 05/22/21 12:27:15; Smoker is temp: 108.2 deg F.
2024-06-05 23:27:46,156.smoker_listening_worker.INFO [x] Received: 01-smoker Reading = 05/22/21 12:28:10; Smoker is temp: 111.4 deg F.
2024-06-05 23:27:51,273.smoker_listening_worker.INFO [x] Received: 01-smoker Reading = 05/22/21 12:28:15; Smoker is temp: 111.4 deg F.
2024-06-05 23:27:56,317.smoker_listening_worker.INFO [x] Received: 01-smoker Reading = 05/22/21 12:29:10; Smoker is temp: 114.2 deg F.
2024-06-05 23:28:01,386.smoker_listening_worker.INFO [x] Received: 01-smoker Reading = 05/22/21 12:29:15; Smoker is temp: 114.2 deg F.
2024-06-05 23:28:06,647.smoker_listening_worker.INFO [x] Received: 01-smoker Reading = 05/22/21 12:30:10; Smoker is temp: 116.9 deg F.
2024-06-05 23:28:11,705.smoker_listening_worker.INFO [x] Received: 01-smoker Reading = 05/22/21 12:30:15; Smoker is temp: 116.9 deg F.
2024-06-05 23:28:16,760.smoker_listening_worker.INFO [x] Received: 01-smoker Reading = 05/22/21 12:31:10; Smoker is temp: 119.4 deg F.
2024-06-05 23:28:21,829.smoker_listening_worker.INFO [x] Received: 01-smoker Reading = 05/22/21 12:31:15; Smoker is temp: 119.4 deg F.
2024-06-05 23:28:26,879.smoker_listening_worker.INFO [x] Received: 01-smoker Reading = 05/22/21 12:32:10; Smoker is temp: 120.1 deg F.
2024-06-05 23:28:32,007.smoker_listening_worker.INFO [x] Received: 01-smoker Reading = 05/22/21 12:32:15; Smoker is temp: 120.1 deg F.
2024-06-05 23:28:37,071.smoker_listening_worker.INFO [x] Received: 01-smoker Reading = 05/22/21 12:33:10; Smoker is temp: 106.2 deg F.
2024-06-05 23:28:42,126.smoker_listening_worker.INFO [x] Received: 01-smoker Reading = 05/22/21 12:33:15; Smoker is temp: 106.2 deg F.
2024-06-05 23:28:47,204.smoker_listening_worker.INFO [x] Received: 01-smoker Reading = 05/22/21 12:34:10; Smoker is temp: 103.5 deg F.
2024-06-05 23:28:47,206.smoker_listening_worker.INFO 
                        ************************ [SMOKER ALERT!!!!] *****************************
                        Smoker Temperature has falled by 15 deg F 16.599999999999994 in 2.5 minutes!
                        Please Check Fuel Source and Lid Closure!!!
                        *************************************************************************
                        
2024-06-05 23:28:52,288.smoker_listening_worker.INFO [x] Received: 01-smoker Reading = 05/22/21 12:34:15; Smoker is temp: 103.5 deg F.
2024-06-05 23:28:52,289.smoker_listening_worker.INFO 
                        ************************ [SMOKER ALERT!!!!] *****************************
                        Smoker Temperature has falled by 15 deg F 16.599999999999994 in 2.5 minutes!
                        Please Check Fuel Source and Lid Closure!!!
                        *************************************************************************
                        
2024-06-05 23:28:57,355.smoker_listening_worker.INFO [x] Received: 01-smoker Reading = 05/22/21 12:35:10; Smoker is temp: 105.3 deg F.
2024-06-05 23:29:02,433.smoker_listening_worker.INFO [x] Received: 01-smoker Reading = 05/22/21 12:35:15; Smoker is temp: 105.3 deg F.
2024-06-05 23:29:07,808.smoker_listening_worker.INFO [x] Received: 01-smoker Reading = 05/22/21 12:36:10; Smoker is temp: 106.9 deg F.
2024-06-05 23:29:13,245.smoker_listening_worker.INFO [x] Received: 01-smoker Reading = 05/22/21 12:36:15; Smoker is temp: 106.9 deg F.
2024-06-05 23:29:18,882.smoker_listening_worker.INFO [x] Received: 01-smoker Reading = 05/22/21 12:37:10; Smoker is temp: 111.9 deg F.
2024-06-05 23:29:23,939.smoker_listening_worker.INFO [x] Received: 01-smoker Reading = 05/22/21 12:37:15; Smoker is temp: 111.9 deg F.
2024-06-05 23:29:28,996.smoker_listening_worker.INFO [x] Received: 01-smoker Reading = 05/22/21 12:38:10; Smoker is temp: 114.2 deg F.
2024-06-05 23:29:34,058.smoker_listening_worker.INFO [x] Received: 01-smoker Reading = 05/22/21 12:38:15; Smoker is temp: 114.2 deg F.
2024-06-05 23:29:39,235.smoker_listening_worker.INFO [x] Received: 01-smoker Reading = 05/22/21 12:39:10; Smoker is temp: 115.5 deg F.
2024-06-05 23:29:44,293.smoker_listening_worker.INFO [x] Received: 01-smoker Reading = 05/22/21 12:39:15; Smoker is temp: 115.5 deg F.
2024-06-05 23:29:49,350.smoker_listening_worker.INFO KeyboardInterrupt. Stopping the Program
2024-06-05 23:29:49,351.smoker_listening_worker.INFO 
closing connection. Goodby

