2024-06-01 18:31:31,973.temp_ProducerV2.INFO ==================================================
2024-06-01 18:31:31,974.temp_ProducerV2.INFO Today is 2024-06-01 at 06:31 PM
2024-06-01 18:31:31,974.temp_ProducerV2.INFO Running on: nt Windows 10
2024-06-01 18:31:31,974.temp_ProducerV2.INFO Python version:  3.12.3
2024-06-01 18:31:31,975.temp_ProducerV2.INFO Python path: C:\Users\Tower\Documents\ACoffinCSIS44671\-streaming-05-smart-smoker\.venv
2024-06-01 18:31:31,975.temp_ProducerV2.INFO Working dir: C:\Users\Tower\Documents\ACoffinCSIS44671\-streaming-05-smart-smoker
2024-06-01 18:31:31,975.temp_ProducerV2.INFO ==================================================
2024-06-01 18:31:31,976.temp_ProducerV2.INFO [x] Sent Message to localhost in '01-smoker', ('5/22/2021 12:20', 84.2)
2024-06-01 18:31:31,977.temp_ProducerV2.INFO [x] Sent Message to localhost in '01-smoker', ('5/22/2021 12:20', 84.2)
2024-06-01 18:31:31,977.temp_ProducerV2.INFO [x] Sent Message to localhost in '01-smoker', ('5/22/2021 12:21', 87.6)
2024-06-01 18:31:31,977.temp_ProducerV2.INFO [x] Sent Message to localhost in '01-smoker', ('5/22/2021 12:21', 87.6)
2024-06-01 18:31:31,978.temp_ProducerV2.INFO [x] Sent Message to localhost in '01-smoker', ('5/22/2021 12:22', 86.3)
2024-06-01 18:31:31,978.temp_ProducerV2.INFO [x] Sent Message to localhost in '01-smoker', ('5/22/2021 12:22', 86.3)
2024-06-01 18:31:31,978.temp_ProducerV2.INFO [x] Sent Message to localhost in '01-smoker', ('5/22/2021 12:23', 92.0)
2024-06-01 18:31:31,978.temp_ProducerV2.INFO [x] Sent Message to localhost in '01-smoker', ('5/22/2021 12:23', 92.0)
2024-06-01 18:31:31,979.temp_ProducerV2.INFO [x] Sent Message to localhost in '01-smoker', ('5/22/2021 12:24', 96.8)
2024-06-01 18:31:31,979.temp_ProducerV2.INFO [x] Sent Message to localhost in '01-smoker', ('5/22/2021 12:24', 96.8)
2024-06-01 18:31:31,979.temp_ProducerV2.INFO [x] Sent Message to localhost in '01-smoker', ('5/22/2021 12:25', 100.6)
2024-06-01 18:31:31,980.temp_ProducerV2.INFO [x] Sent Message to localhost in '01-smoker', ('5/22/2021 12:25', 100.9)
2024-06-01 18:31:31,980.temp_ProducerV2.INFO [x] Sent Message to localhost in '01-smoker', ('5/22/2021 12:25', 100.9)
2024-06-01 18:31:31,980.temp_ProducerV2.INFO [x] Sent Message to localhost in '01-smoker', ('5/22/2021 12:26', 104.8)
2024-06-01 18:31:31,980.temp_ProducerV2.INFO [x] Sent Message to localhost in '01-smoker', ('5/22/2021 12:26', 104.8)
2024-06-01 18:31:31,981.temp_ProducerV2.INFO [x] Sent Message to localhost in '01-smoker', ('5/22/2021 12:27', 108.2)
2024-06-01 18:31:31,981.temp_ProducerV2.INFO [x] Sent Message to localhost in '01-smoker', ('5/22/2021 12:27', 108.2)
2024-06-01 18:31:31,981.temp_ProducerV2.INFO [x] Sent Message to localhost in '01-smoker', ('5/22/2021 12:28', 111.4)
2024-06-01 18:31:31,981.temp_ProducerV2.INFO [x] Sent Message to localhost in '01-smoker', ('5/22/2021 12:28', 111.4)
2024-06-01 18:31:31,982.temp_ProducerV2.INFO [x] Sent Message to localhost in '01-smoker', ('5/22/2021 12:29', 114.2)
2024-06-01 18:31:31,982.temp_ProducerV2.INFO [x] Sent Message to localhost in '01-smoker', ('5/22/2021 12:29', 114.2)
2024-06-01 18:31:31,982.temp_ProducerV2.INFO [x] Sent Message to localhost in '01-smoker', ('5/22/2021 12:30', 116.9)
2024-06-01 18:31:31,983.temp_ProducerV2.INFO [x] Sent Message to localhost in '01-smoker', ('5/22/2021 12:30', 116.9)
2024-06-01 18:31:31,983.temp_ProducerV2.INFO [x] Sent Message to localhost in '01-smoker', ('5/22/2021 12:31', 119.4)
2024-06-01 18:31:31,983.temp_ProducerV2.INFO [x] Sent Message to localhost in '01-smoker', ('5/22/2021 12:31', 119.4)
2024-06-01 18:31:31,984.temp_ProducerV2.INFO [x] Sent Message to localhost in '01-smoker', ('5/22/2021 12:32', 120.1)
2024-06-01 18:31:31,985.temp_ProducerV2.INFO [x] Sent Message to localhost in '01-smoker', ('5/22/2021 12:32', 120.1)
2024-06-01 18:31:31,985.temp_ProducerV2.INFO [x] Sent Message to localhost in '01-smoker', ('5/22/2021 12:33', 106.2)
2024-06-01 18:31:31,986.temp_ProducerV2.INFO [x] Sent Message to localhost in '01-smoker', ('5/22/2021 12:33', 106.2)
2024-06-01 18:31:31,986.temp_ProducerV2.INFO [x] Sent Message to localhost in '01-smoker', ('5/22/2021 12:34', 103.5)
2024-06-01 18:31:31,987.temp_ProducerV2.INFO [x] Sent Message to localhost in '01-smoker', ('5/22/2021 12:34', 103.5)
2024-06-01 18:31:31,987.temp_ProducerV2.INFO [x] Sent Message to localhost in '01-smoker', ('5/22/2021 12:35', 105.3)
2024-06-01 18:31:31,988.temp_ProducerV2.INFO [x] Sent Message to localhost in '01-smoker', ('5/22/2021 12:35', 105.3)
2024-06-01 18:31:31,988.temp_ProducerV2.INFO [x] Sent Message to localhost in '01-smoker', ('5/22/2021 12:36', 106.9)
2024-06-01 18:31:31,989.temp_ProducerV2.INFO [x] Sent Message to localhost in '01-smoker', ('5/22/2021 12:36', 106.9)
2024-06-01 18:31:31,989.temp_ProducerV2.INFO [x] Sent Message to localhost in '01-smoker', ('5/22/2021 12:37', 111.9)
2024-06-01 18:31:31,989.temp_ProducerV2.INFO [x] Sent Message to localhost in '01-smoker', ('5/22/2021 12:37', 111.9)
2024-06-01 18:31:31,990.temp_ProducerV2.INFO [x] Sent Message to localhost in '01-smoker', ('5/22/2021 12:38', 114.2)
2024-06-01 18:31:31,990.temp_ProducerV2.INFO [x] Sent Message to localhost in '01-smoker', ('5/22/2021 12:38', 114.2)
2024-06-01 18:31:31,990.temp_ProducerV2.INFO [x] Sent Message to localhost in '01-smoker', ('5/22/2021 12:39', 115.5)
2024-06-01 18:31:31,991.temp_ProducerV2.INFO [x] Sent Message to localhost in '01-smoker', ('5/22/2021 12:39', 115.5)
2024-06-01 18:31:31,991.temp_ProducerV2.INFO [x] Sent Message to localhost in '01-smoker', ('5/22/2021 12:40', 112.6)
2024-06-01 18:31:31,991.temp_ProducerV2.INFO [x] Sent Message to localhost in '01-smoker', ('5/22/2021 12:40', 112.6)
2024-06-01 18:31:31,992.temp_ProducerV2.INFO [x] Sent Message to localhost in '01-smoker', ('5/22/2021 12:41', 118.8)
2024-06-01 18:31:31,993.temp_ProducerV2.INFO [x] Sent Message to localhost in '01-smoker', ('5/22/2021 12:41', 118.8)
2024-06-01 18:31:31,993.temp_ProducerV2.INFO [x] Sent Message to localhost in '01-smoker', ('5/22/2021 12:42', 113.2)
2024-06-01 18:31:31,993.temp_ProducerV2.INFO [x] Sent Message to localhost in '01-smoker', ('5/22/2021 12:42', 113.2)
2024-06-01 18:31:31,994.temp_ProducerV2.INFO [x] Sent Message to localhost in '01-smoker', ('5/22/2021 12:43', 126.7)
2024-06-01 18:31:31,994.temp_ProducerV2.INFO [x] Sent Message to localhost in '01-smoker', ('5/22/2021 12:43', 126.7)
2024-06-01 18:31:31,994.temp_ProducerV2.INFO [x] Sent Message to localhost in '01-smoker', ('5/22/2021 12:44', 130.0)
2024-06-01 18:31:31,995.temp_ProducerV2.INFO [x] Sent Message to localhost in '01-smoker', ('5/22/2021 12:44', 130.0)
2024-06-01 18:31:31,995.temp_ProducerV2.INFO [x] Sent Message to localhost in '01-smoker', ('5/22/2021 12:45', 130.0)
2024-06-01 18:31:31,995.temp_ProducerV2.INFO [x] Sent Message to localhost in '01-smoker', ('5/22/2021 12:45', 130.0)
2024-06-01 18:31:31,996.temp_ProducerV2.INFO [x] Sent Message to localhost in '01-smoker', ('5/22/2021 12:46', 137.3)
2024-06-01 18:31:31,997.temp_ProducerV2.INFO [x] Sent Message to localhost in '01-smoker', ('5/22/2021 12:46', 137.3)
2024-06-01 18:31:31,997.temp_ProducerV2.INFO [x] Sent Message to localhost in '01-smoker', ('5/22/2021 12:47', 139.5)
2024-06-01 18:31:31,998.temp_ProducerV2.INFO [x] Sent Message to localhost in '01-smoker', ('5/22/2021 12:47', 139.5)
2024-06-01 18:31:31,998.temp_ProducerV2.INFO [x] Sent Message to localhost in '01-smoker', ('5/22/2021 12:48', 141.8)
2024-06-01 18:31:31,999.temp_ProducerV2.INFO [x] Sent Message to localhost in '01-smoker', ('5/22/2021 12:48', 141.8)
2024-06-01 18:31:32,000.temp_ProducerV2.INFO [x] Sent Message to localhost in '01-smoker', ('5/22/2021 12:49', 143.6)
2024-06-01 18:31:32,000.temp_ProducerV2.INFO [x] Sent Message to localhost in '01-smoker', ('5/22/2021 12:49', 143.6)
2024-06-01 18:31:32,000.temp_ProducerV2.INFO [x] Sent Message to localhost in '01-smoker', ('5/22/2021 12:50', 145.0)
2024-06-01 18:31:32,001.temp_ProducerV2.INFO [x] Sent Message to localhost in '01-smoker', ('5/22/2021 12:50', 145.0)
2024-06-01 18:31:32,001.temp_ProducerV2.INFO [x] Sent Message to localhost in '01-smoker', ('5/22/2021 12:51', 146.2)
2024-06-01 18:31:32,001.temp_ProducerV2.INFO [x] Sent Message to localhost in '01-smoker', ('5/22/2021 12:51', 146.2)
2024-06-01 18:31:32,001.temp_ProducerV2.INFO [x] Sent Message to localhost in '01-smoker', ('5/22/2021 12:52', 147.5)
2024-06-01 18:31:32,002.temp_ProducerV2.INFO [x] Sent Message to localhost in '01-smoker', ('5/22/2021 12:52', 147.5)
2024-06-01 18:31:32,002.temp_ProducerV2.INFO [x] Sent Message to localhost in '01-smoker', ('5/22/2021 12:53', 148.7)
2024-06-01 18:31:32,002.temp_ProducerV2.INFO [x] Sent Message to localhost in '01-smoker', ('5/22/2021 12:53', 148.7)
2024-06-01 18:31:32,002.temp_ProducerV2.INFO [x] Sent Message to localhost in '01-smoker', ('5/22/2021 12:54', 149.9)
2024-06-01 18:31:32,003.temp_ProducerV2.INFO [x] Sent Message to localhost in '01-smoker', ('5/22/2021 12:54', 149.9)
2024-06-01 18:31:32,003.temp_ProducerV2.INFO [x] Sent Message to localhost in '01-smoker', ('5/22/2021 12:55', 151.1)
2024-06-01 18:31:32,003.temp_ProducerV2.INFO [x] Sent Message to localhost in '01-smoker', ('5/22/2021 12:55', 151.2)
2024-06-01 18:31:32,004.temp_ProducerV2.INFO [x] Sent Message to localhost in '01-smoker', ('5/22/2021 12:55', 151.2)
2024-06-01 18:31:32,004.temp_ProducerV2.INFO [x] Sent Message to localhost in '01-smoker', ('5/22/2021 12:56', 152.4)
2024-06-01 18:31:32,004.temp_ProducerV2.INFO [x] Sent Message to localhost in '01-smoker', ('5/22/2021 12:56', 152.4)
2024-06-01 18:31:32,004.temp_ProducerV2.INFO [x] Sent Message to localhost in '01-smoker', ('5/22/2021 12:57', 153.4)
2024-06-01 18:31:32,005.temp_ProducerV2.INFO [x] Sent Message to localhost in '01-smoker', ('5/22/2021 12:57', 153.4)
2024-06-01 18:31:32,005.temp_ProducerV2.INFO [x] Sent Message to localhost in '01-smoker', ('5/22/2021 12:58', 154.5)
2024-06-01 18:31:32,005.temp_ProducerV2.INFO [x] Sent Message to localhost in '01-smoker', ('5/22/2021 12:58', 154.5)
2024-06-01 18:31:32,006.temp_ProducerV2.INFO [x] Sent Message to localhost in '01-smoker', ('5/22/2021 12:59', 155.6)
2024-06-01 18:31:32,006.temp_ProducerV2.INFO [x] Sent Message to localhost in '01-smoker', ('5/22/2021 12:59', 155.6)
2024-06-01 18:31:32,006.temp_ProducerV2.INFO [x] Sent Message to localhost in '01-smoker', ('5/22/2021 13:00', 156.5)
2024-06-01 18:31:32,006.temp_ProducerV2.INFO [x] Sent Message to localhost in '01-smoker', ('5/22/2021 13:00', 156.5)
2024-06-01 18:31:32,007.temp_ProducerV2.INFO [x] Sent Message to localhost in '01-smoker', ('5/22/2021 13:01', 157.8)
2024-06-01 18:31:32,007.temp_ProducerV2.INFO [x] Sent Message to localhost in '01-smoker', ('5/22/2021 13:01', 157.8)
2024-06-01 18:31:32,007.temp_ProducerV2.INFO [x] Sent Message to localhost in '01-smoker', ('5/22/2021 13:02', 158.8)
2024-06-01 18:31:32,008.temp_ProducerV2.INFO [x] Sent Message to localhost in '01-smoker', ('5/22/2021 13:02', 158.8)
2024-06-01 18:31:32,008.temp_ProducerV2.INFO [x] Sent Message to localhost in '01-smoker', ('5/22/2021 13:03', 159.9)
2024-06-01 18:31:32,008.temp_ProducerV2.INFO [x] Sent Message to localhost in '01-smoker', ('5/22/2021 13:03', 159.9)
2024-06-01 18:31:32,009.temp_ProducerV2.INFO [x] Sent Message to localhost in '01-smoker', ('5/22/2021 13:04', 160.7)
2024-06-01 18:31:32,009.temp_ProducerV2.INFO [x] Sent Message to localhost in '01-smoker', ('5/22/2021 13:04', 160.7)
2024-06-01 18:31:32,009.temp_ProducerV2.INFO [x] Sent Message to localhost in '01-smoker', ('5/22/2021 13:05', 161.9)
2024-06-01 18:31:32,009.temp_ProducerV2.INFO [x] Sent Message to localhost in '01-smoker', ('5/22/2021 13:05', 161.9)
2024-06-01 18:31:32,010.temp_ProducerV2.INFO [x] Sent Message to localhost in '01-smoker', ('5/22/2021 13:06', 163.1)
2024-06-01 18:31:32,010.temp_ProducerV2.INFO [x] Sent Message to localhost in '01-smoker', ('5/22/2021 13:06', 163.1)
2024-06-01 18:31:32,010.temp_ProducerV2.INFO [x] Sent Message to localhost in '01-smoker', ('5/22/2021 13:07', 164.3)
2024-06-01 18:31:32,011.temp_ProducerV2.INFO [x] Sent Message to localhost in '01-smoker', ('5/22/2021 13:07', 164.3)
2024-06-01 18:31:32,011.temp_ProducerV2.INFO [x] Sent Message to localhost in '01-smoker', ('5/22/2021 13:08', 165.6)
2024-06-01 18:31:32,011.temp_ProducerV2.INFO [x] Sent Message to localhost in '01-smoker', ('5/22/2021 13:08', 165.6)
2024-06-01 18:31:32,011.temp_ProducerV2.INFO [x] Sent Message to localhost in '01-smoker', ('5/22/2021 13:09', 166.7)
2024-06-01 18:31:32,012.temp_ProducerV2.INFO [x] Sent Message to localhost in '01-smoker', ('5/22/2021 13:09', 166.7)
2024-06-01 18:31:32,012.temp_ProducerV2.INFO [x] Sent Message to localhost in '01-smoker', ('5/22/2021 13:10', 167.8)
2024-06-01 18:31:32,012.temp_ProducerV2.INFO [x] Sent Message to localhost in '01-smoker', ('5/22/2021 13:10', 167.8)
2024-06-01 18:31:32,012.temp_ProducerV2.INFO [x] Sent Message to localhost in '01-smoker', ('5/22/2021 13:11', 168.8)
2024-06-01 18:31:32,013.temp_ProducerV2.INFO [x] Sent Message to localhost in '01-smoker', ('5/22/2021 13:11', 168.8)
2024-06-01 18:31:32,013.temp_ProducerV2.INFO [x] Sent Message to localhost in '01-smoker', ('5/22/2021 13:12', 170.2)
2024-06-01 18:31:32,013.temp_ProducerV2.INFO [x] Sent Message to localhost in '01-smoker', ('5/22/2021 13:12', 170.2)
2024-06-01 18:31:32,013.temp_ProducerV2.INFO [x] Sent Message to localhost in '01-smoker', ('5/22/2021 13:13', 171.7)
2024-06-01 18:31:32,014.temp_ProducerV2.INFO [x] Sent Message to localhost in '01-smoker', ('5/22/2021 13:13', 171.7)
2024-06-01 18:31:32,014.temp_ProducerV2.INFO [x] Sent Message to localhost in '01-smoker', ('5/22/2021 13:14', 173.3)
2024-06-01 18:31:32,014.temp_ProducerV2.INFO [x] Sent Message to localhost in '01-smoker', ('5/22/2021 13:14', 173.3)
2024-06-01 18:31:32,015.temp_ProducerV2.INFO [x] Sent Message to localhost in '01-smoker', ('5/22/2021 13:15', 174.6)
2024-06-01 18:31:32,015.temp_ProducerV2.INFO [x] Sent Message to localhost in '01-smoker', ('5/22/2021 13:15', 174.6)
2024-06-01 18:31:32,015.temp_ProducerV2.INFO [x] Sent Message to localhost in '01-smoker', ('5/22/2021 13:16', 175.5)
2024-06-01 18:31:32,016.temp_ProducerV2.INFO [x] Sent Message to localhost in '01-smoker', ('5/22/2021 13:16', 175.5)
2024-06-01 18:31:32,016.temp_ProducerV2.INFO [x] Sent Message to localhost in '01-smoker', ('5/22/2021 13:17', 176.8)
2024-06-01 18:31:32,016.temp_ProducerV2.INFO [x] Sent Message to localhost in '01-smoker', ('5/22/2021 13:17', 176.8)
2024-06-01 18:31:32,016.temp_ProducerV2.INFO [x] Sent Message to localhost in '01-smoker', ('5/22/2021 13:18', 177.8)
2024-06-01 18:31:32,017.temp_ProducerV2.INFO [x] Sent Message to localhost in '01-smoker', ('5/22/2021 13:18', 177.8)
2024-06-01 18:31:32,017.temp_ProducerV2.INFO [x] Sent Message to localhost in '01-smoker', ('5/22/2021 13:19', 178.9)
2024-06-01 18:31:32,017.temp_ProducerV2.INFO [x] Sent Message to localhost in '01-smoker', ('5/22/2021 13:19', 178.9)
2024-06-01 18:31:32,017.temp_ProducerV2.INFO [x] Sent Message to localhost in '01-smoker', ('5/22/2021 13:20', 180.3)
2024-06-01 18:31:32,018.temp_ProducerV2.INFO [x] Sent Message to localhost in '01-smoker', ('5/22/2021 13:20', 180.3)
2024-06-01 18:31:32,018.temp_ProducerV2.INFO [x] Sent Message to localhost in '01-smoker', ('5/22/2021 13:21', 181.4)
2024-06-01 18:31:32,018.temp_ProducerV2.INFO [x] Sent Message to localhost in '01-smoker', ('5/22/2021 13:21', 181.4)
2024-06-01 18:31:32,019.temp_ProducerV2.INFO [x] Sent Message to localhost in '01-smoker', ('5/22/2021 13:22', 182.6)
2024-06-01 18:31:32,019.temp_ProducerV2.INFO [x] Sent Message to localhost in '01-smoker', ('5/22/2021 13:22', 182.6)
2024-06-01 18:31:32,019.temp_ProducerV2.INFO [x] Sent Message to localhost in '01-smoker', ('5/22/2021 13:23', 183.9)
2024-06-01 18:31:32,019.temp_ProducerV2.INFO [x] Sent Message to localhost in '01-smoker', ('5/22/2021 13:23', 183.9)
2024-06-01 18:31:32,020.temp_ProducerV2.INFO [x] Sent Message to localhost in '01-smoker', ('5/22/2021 13:24', 184.8)
2024-06-01 18:31:32,020.temp_ProducerV2.INFO [x] Sent Message to localhost in '01-smoker', ('5/22/2021 13:24', 184.8)
2024-06-01 18:31:32,020.temp_ProducerV2.INFO [x] Sent Message to localhost in '01-smoker', ('5/22/2021 13:25', 186.0)
2024-06-01 18:31:32,021.temp_ProducerV2.INFO [x] Sent Message to localhost in '01-smoker', ('5/22/2021 13:25', 186.0)
2024-06-01 18:31:32,021.temp_ProducerV2.INFO [x] Sent Message to localhost in '01-smoker', ('5/22/2021 13:26', 187.1)
2024-06-01 18:31:32,021.temp_ProducerV2.INFO [x] Sent Message to localhost in '01-smoker', ('5/22/2021 13:26', 187.1)
2024-06-01 18:31:32,022.temp_ProducerV2.INFO [x] Sent Message to localhost in '01-smoker', ('5/22/2021 13:27', 211.9)
2024-06-01 18:31:32,022.temp_ProducerV2.INFO [x] Sent Message to localhost in '01-smoker', ('5/22/2021 13:27', 211.9)
2024-06-01 18:31:32,022.temp_ProducerV2.INFO [x] Sent Message to localhost in '01-smoker', ('5/22/2021 13:28', 215.3)
2024-06-01 18:31:32,022.temp_ProducerV2.INFO [x] Sent Message to localhost in '01-smoker', ('5/22/2021 13:28', 215.3)
2024-06-01 18:31:32,023.temp_ProducerV2.INFO [x] Sent Message to localhost in '01-smoker', ('5/22/2021 13:29', 217.0)
2024-06-01 18:31:32,023.temp_ProducerV2.INFO [x] Sent Message to localhost in '01-smoker', ('5/22/2021 13:29', 217.0)
2024-06-01 18:31:32,023.temp_ProducerV2.INFO [x] Sent Message to localhost in '01-smoker', ('5/22/2021 13:30', 218.6)
2024-06-01 18:31:32,023.temp_ProducerV2.INFO [x] Sent Message to localhost in '01-smoker', ('5/22/2021 13:30', 218.6)
2024-06-01 18:31:32,024.temp_ProducerV2.INFO [x] Sent Message to localhost in '01-smoker', ('5/22/2021 13:31', 218.5)
2024-06-01 18:31:32,024.temp_ProducerV2.INFO [x] Sent Message to localhost in '01-smoker', ('5/22/2021 13:31', 218.5)
2024-06-01 18:31:32,024.temp_ProducerV2.INFO [x] Sent Message to localhost in '01-smoker', ('5/22/2021 13:32', 219.4)
2024-06-01 18:31:32,025.temp_ProducerV2.INFO [x] Sent Message to localhost in '01-smoker', ('5/22/2021 13:32', 219.4)
2024-06-01 18:31:32,025.temp_ProducerV2.INFO [x] Sent Message to localhost in '01-smoker', ('5/22/2021 13:33', 220.5)
2024-06-01 18:31:32,025.temp_ProducerV2.INFO [x] Sent Message to localhost in '01-smoker', ('5/22/2021 13:33', 220.5)
2024-06-01 18:31:32,025.temp_ProducerV2.INFO [x] Sent Message to localhost in '01-smoker', ('5/22/2021 13:34', 220.7)
2024-06-01 18:31:32,026.temp_ProducerV2.INFO [x] Sent Message to localhost in '01-smoker', ('5/22/2021 13:34', 220.7)
2024-06-01 18:31:32,026.temp_ProducerV2.INFO [x] Sent Message to localhost in '01-smoker', ('5/22/2021 13:35', 222.5)
2024-06-01 18:31:32,026.temp_ProducerV2.INFO [x] Sent Message to localhost in '01-smoker', ('5/22/2021 13:35', 222.5)
2024-06-01 18:31:32,026.temp_ProducerV2.INFO [x] Sent Message to localhost in '01-smoker', ('5/22/2021 13:36', 223.0)
2024-06-01 18:31:32,027.temp_ProducerV2.INFO [x] Sent Message to localhost in '01-smoker', ('5/22/2021 13:36', 223.0)
2024-06-01 18:31:32,027.temp_ProducerV2.INFO [x] Sent Message to localhost in '01-smoker', ('5/22/2021 13:37', 224.7)
2024-06-01 18:31:32,027.temp_ProducerV2.INFO [x] Sent Message to localhost in '01-smoker', ('5/22/2021 13:37', 224.7)
2024-06-01 18:31:32,027.temp_ProducerV2.INFO [x] Sent Message to localhost in '01-smoker', ('5/22/2021 13:38', 224.2)
2024-06-01 18:31:32,028.temp_ProducerV2.INFO [x] Sent Message to localhost in '01-smoker', ('5/22/2021 13:38', 224.2)
2024-06-01 18:31:32,028.temp_ProducerV2.INFO [x] Sent Message to localhost in '01-smoker', ('5/22/2021 13:39', 223.6)
2024-06-01 18:31:32,028.temp_ProducerV2.INFO [x] Sent Message to localhost in '01-smoker', ('5/22/2021 13:39', 223.6)
2024-06-01 18:31:32,028.temp_ProducerV2.INFO [x] Sent Message to localhost in '01-smoker', ('5/22/2021 13:40', 224.6)
2024-06-01 18:31:32,029.temp_ProducerV2.INFO [x] Sent Message to localhost in '01-smoker', ('5/22/2021 13:40', 224.6)
2024-06-01 18:31:32,029.temp_ProducerV2.INFO [x] Sent Message to localhost in '01-smoker', ('5/22/2021 13:41', 224.3)
2024-06-01 18:31:32,029.temp_ProducerV2.INFO [x] Sent Message to localhost in '01-smoker', ('5/22/2021 13:41', 224.3)
2024-06-01 18:31:32,030.temp_ProducerV2.INFO [x] Sent Message to localhost in '01-smoker', ('5/22/2021 13:42', 226.6)
2024-06-01 18:31:32,030.temp_ProducerV2.INFO [x] Sent Message to localhost in '01-smoker', ('5/22/2021 13:42', 226.6)
2024-06-01 18:31:32,030.temp_ProducerV2.INFO [x] Sent Message to localhost in '01-smoker', ('5/22/2021 13:43', 229.0)
2024-06-01 18:31:32,030.temp_ProducerV2.INFO [x] Sent Message to localhost in '01-smoker', ('5/22/2021 13:43', 229.0)
2024-06-01 18:31:32,031.temp_ProducerV2.INFO [x] Sent Message to localhost in '01-smoker', ('5/22/2021 13:44', 232.8)
2024-06-01 18:31:32,031.temp_ProducerV2.INFO [x] Sent Message to localhost in '01-smoker', ('5/22/2021 13:44', 232.8)
2024-06-01 18:31:32,031.temp_ProducerV2.INFO [x] Sent Message to localhost in '01-smoker', ('5/22/2021 13:45', 237.9)
2024-06-01 18:31:32,032.temp_ProducerV2.INFO [x] Sent Message to localhost in '01-smoker', ('5/22/2021 13:45', 237.9)
2024-06-01 18:31:32,032.temp_ProducerV2.INFO [x] Sent Message to localhost in '01-smoker', ('5/22/2021 13:46', 200.2)
2024-06-01 18:31:32,032.temp_ProducerV2.INFO [x] Sent Message to localhost in '01-smoker', ('5/22/2021 13:46', 200.2)
2024-06-01 18:31:32,032.temp_ProducerV2.INFO [x] Sent Message to localhost in '02-food-B', ('5/22/2021 13:46', '38.7')
2024-06-01 18:31:32,033.temp_ProducerV2.INFO [x] Sent Message to localhost in '02-food-B', ('5/22/2021 13:46', '38.7')
2024-06-01 18:31:32,033.temp_ProducerV2.INFO [x] Sent Message to localhost in '03-food-B', ('5/22/2021 13:46', '37')
2024-06-01 18:32:02,034.temp_ProducerV2.INFO [x] Sent Message to localhost in '03-food-B', ('5/22/2021 13:46', '37')
