2024-05-30 21:50:27,969.temp_producerV1.INFO ==================================================
2024-05-30 21:50:27,969.temp_producerV1.INFO Today is 2024-05-30 at 09:50 PM
2024-05-30 21:50:27,969.temp_producerV1.INFO Running on: nt Windows 10
2024-05-30 21:50:27,969.temp_producerV1.INFO Python version:  3.12.3
2024-05-30 21:50:27,970.temp_producerV1.INFO Python path: C:\Users\Tower\Documents\ACoffinCSIS44671\-streaming-05-smart-smoker\.venv
2024-05-30 21:50:27,970.temp_producerV1.INFO Working dir: C:\Users\Tower\Documents\ACoffinCSIS44671\-streaming-05-smart-smoker
2024-05-30 21:50:27,970.temp_producerV1.INFO ==================================================
2024-05-30 21:50:28,095.temp_producerV1.INFO [x] sent 84.2 at 5/22/2021 12:20 to 01-smoker, b'01-smoker Reading = Date: 5/22/2021, Time: 12:20; temp: 84.2 deg F.'
2024-05-30 21:50:58,237.temp_producerV1.INFO [x] sent 84.2 at 5/22/2021 12:20 to 01-smoker, b'01-smoker Reading = Date: 5/22/2021, Time: 12:20; temp: 84.2 deg F.'
2024-05-30 21:51:28,506.temp_producerV1.INFO [x] sent 87.6 at 5/22/2021 12:21 to 01-smoker, b'01-smoker Reading = Date: 5/22/2021, Time: 12:21; temp: 87.6 deg F.'
2024-05-30 21:51:58,625.temp_producerV1.INFO [x] sent 87.6 at 5/22/2021 12:21 to 01-smoker, b'01-smoker Reading = Date: 5/22/2021, Time: 12:21; temp: 87.6 deg F.'
2024-05-30 21:52:28,711.temp_producerV1.INFO [x] sent 86.3 at 5/22/2021 12:22 to 01-smoker, b'01-smoker Reading = Date: 5/22/2021, Time: 12:22; temp: 86.3 deg F.'
2024-05-30 21:52:58,765.temp_producerV1.INFO [x] sent 86.3 at 5/22/2021 12:22 to 01-smoker, b'01-smoker Reading = Date: 5/22/2021, Time: 12:22; temp: 86.3 deg F.'
2024-05-30 21:53:28,844.temp_producerV1.INFO [x] sent 92.0 at 5/22/2021 12:23 to 01-smoker, b'01-smoker Reading = Date: 5/22/2021, Time: 12:23; temp: 92.0 deg F.'
2024-05-30 21:53:58,921.temp_producerV1.INFO [x] sent 92.0 at 5/22/2021 12:23 to 01-smoker, b'01-smoker Reading = Date: 5/22/2021, Time: 12:23; temp: 92.0 deg F.'
2024-05-30 21:54:29,068.temp_producerV1.INFO [x] sent 96.8 at 5/22/2021 12:24 to 01-smoker, b'01-smoker Reading = Date: 5/22/2021, Time: 12:24; temp: 96.8 deg F.'
2024-05-30 21:54:59,156.temp_producerV1.INFO [x] sent 96.8 at 5/22/2021 12:24 to 01-smoker, b'01-smoker Reading = Date: 5/22/2021, Time: 12:24; temp: 96.8 deg F.'
2024-05-30 21:55:29,473.temp_producerV1.INFO [x] sent 100.6 at 5/22/2021 12:25 to 01-smoker, b'01-smoker Reading = Date: 5/22/2021, Time: 12:25; temp: 100.6 deg F.'
2024-05-30 21:55:59,639.temp_producerV1.INFO [x] sent 100.9 at 5/22/2021 12:25 to 01-smoker, b'01-smoker Reading = Date: 5/22/2021, Time: 12:25; temp: 100.9 deg F.'
2024-05-30 21:56:29,756.temp_producerV1.INFO [x] sent 100.9 at 5/22/2021 12:25 to 01-smoker, b'01-smoker Reading = Date: 5/22/2021, Time: 12:25; temp: 100.9 deg F.'
2024-05-30 21:56:59,864.temp_producerV1.INFO [x] sent 104.8 at 5/22/2021 12:26 to 01-smoker, b'01-smoker Reading = Date: 5/22/2021, Time: 12:26; temp: 104.8 deg F.'
2024-05-30 21:57:29,925.temp_producerV1.INFO [x] sent 104.8 at 5/22/2021 12:26 to 01-smoker, b'01-smoker Reading = Date: 5/22/2021, Time: 12:26; temp: 104.8 deg F.'
2024-05-30 21:58:00,005.temp_producerV1.INFO [x] sent 108.2 at 5/22/2021 12:27 to 01-smoker, b'01-smoker Reading = Date: 5/22/2021, Time: 12:27; temp: 108.2 deg F.'
2024-05-30 21:58:30,100.temp_producerV1.INFO [x] sent 108.2 at 5/22/2021 12:27 to 01-smoker, b'01-smoker Reading = Date: 5/22/2021, Time: 12:27; temp: 108.2 deg F.'
2024-05-30 21:59:00,189.temp_producerV1.INFO [x] sent 111.4 at 5/22/2021 12:28 to 01-smoker, b'01-smoker Reading = Date: 5/22/2021, Time: 12:28; temp: 111.4 deg F.'
2024-05-30 21:59:30,282.temp_producerV1.INFO [x] sent 111.4 at 5/22/2021 12:28 to 01-smoker, b'01-smoker Reading = Date: 5/22/2021, Time: 12:28; temp: 111.4 deg F.'
2024-05-30 22:00:00,372.temp_producerV1.INFO [x] sent 114.2 at 5/22/2021 12:29 to 01-smoker, b'01-smoker Reading = Date: 5/22/2021, Time: 12:29; temp: 114.2 deg F.'
2024-05-30 22:00:30,470.temp_producerV1.INFO [x] sent 114.2 at 5/22/2021 12:29 to 01-smoker, b'01-smoker Reading = Date: 5/22/2021, Time: 12:29; temp: 114.2 deg F.'
2024-05-30 22:01:00,745.temp_producerV1.INFO [x] sent 116.9 at 5/22/2021 12:30 to 01-smoker, b'01-smoker Reading = Date: 5/22/2021, Time: 12:30; temp: 116.9 deg F.'
2024-05-30 22:01:30,831.temp_producerV1.INFO [x] sent 116.9 at 5/22/2021 12:30 to 01-smoker, b'01-smoker Reading = Date: 5/22/2021, Time: 12:30; temp: 116.9 deg F.'
